[debug] [2021-06-07T14:26:13.039Z] ----------------------------------------------------------------------
[debug] [2021-06-07T14:26:13.041Z] Command:       C:\Program Files\nodejs\node.exe C:\Users\dabit\AppData\Roaming\npm\node_modules\firebase-tools\lib\bin\firebase.js init
[debug] [2021-06-07T14:26:13.041Z] CLI Version:   9.12.1
[debug] [2021-06-07T14:26:13.041Z] Platform:      win32
[debug] [2021-06-07T14:26:13.041Z] Node Version:  v15.12.0
[debug] [2021-06-07T14:26:13.042Z] Time:          Mon Jun 07 2021 15:26:13 GMT+0100 (GMT+01:00)
[debug] [2021-06-07T14:26:13.042Z] ----------------------------------------------------------------------
[debug] 
[debug] [2021-06-07T14:26:13.048Z] > command requires scopes: ["email","openid","https://www.googleapis.com/auth/cloudplatformprojects.readonly","https://www.googleapis.com/auth/firebase","https://www.googleapis.com/auth/cloud-platform"]
[debug] [2021-06-07T14:26:13.048Z] > authorizing via signed-in user (dabitmoad@gmail.com)
[info] 
     ######## #### ########  ######## ########     ###     ######  ########
     ##        ##  ##     ## ##       ##     ##  ##   ##  ##       ##
     ######    ##  ########  ######   ########  #########  ######  ######
     ##        ##  ##    ##  ##       ##     ## ##     ##       ## ##
     ##       #### ##     ## ######## ########  ##     ##  ######  ########

You're about to initialize a Firebase project in this directory:

  C:\Users\dabit\Desktop - Copy\Projects\Atlas'chat

Before we get started, keep in mind:

  * You are initializing in an existing Firebase project directory

[info] 
=== Project Setup
[info] 
[info] First, let's associate this project directory with a Firebase project.
[info] You can create multiple project aliases by running firebase use --add, 
[info] but for now we'll just set up a default project.
[info] 
[debug] [2021-06-07T14:26:18.936Z] > refreshing access token with scopes: []
[debug] [2021-06-07T14:26:18.936Z] >>> HTTP REQUEST POST https://www.googleapis.com/oauth2/v3/token  
 <request body omitted>
[debug] [2021-06-07T14:26:19.412Z] <<< HTTP RESPONSE 200 {"pragma":"no-cache","cache-control":"no-cache, no-store, max-age=0, must-revalidate","date":"Mon, 07 Jun 2021 14:26:19 GMT","expires":"Mon, 01 Jan 1990 00:00:00 GMT","content-type":"application/json; charset=utf-8","vary":"X-Origin, Referer, Origin,Accept-Encoding","server":"scaffolding on HTTPServer2","x-xss-protection":"0","x-frame-options":"SAMEORIGIN","x-content-type-options":"nosniff","alt-svc":"h3-29=\":443\"; ma=2592000,h3-T051=\":443\"; ma=2592000,h3-Q050=\":443\"; ma=2592000,h3-Q046=\":443\"; ma=2592000,h3-Q043=\":443\"; ma=2592000,quic=\":443\"; ma=2592000; v=\"46,43\"","accept-ranges":"none","transfer-encoding":"chunked"}
[debug] [2021-06-07T14:26:19.432Z] >>> [apiv2][query] GET https://firebase.googleapis.com/v1beta1/projects/atlas-chat-390b1 [none]
[debug] [2021-06-07T14:26:20.023Z] <<< [apiv2][status] GET https://firebase.googleapis.com/v1beta1/projects/atlas-chat-390b1 200
[debug] [2021-06-07T14:26:20.024Z] <<< [apiv2][body] GET https://firebase.googleapis.com/v1beta1/projects/atlas-chat-390b1 {"projectId":"atlas-chat-390b1","projectNumber":"533078905096","displayName":"Atlas'chat","name":"projects/atlas-chat-390b1","resources":{"hostingSite":"atlas-chat-390b1","storageBucket":"atlas-chat-390b1.appspot.com","locationId":"us-central"},"state":"ACTIVE"}
[info] i  Using project atlas-chat-390b1 (Atlas'chat) 
[info] 
=== Hosting Setup
[info] 
[info] Your public directory is the folder (relative to your project directory) that
[info] will contain Hosting assets to be uploaded with firebase deploy. If you
[info] have a build process for your assets, use your build's output directory.
[info] 
